2020-07-01 04:00:15.865  INFO 8456 --- [main] lavalink.server.Launcher                 : 

[32m       .  [31m _                  _ _       _    [32m__ _ _
[32m      /\\ [31m| | __ ___   ____ _| (_)_ __ | | __[32m\ \ \ \
[32m     ( ( )[31m| |/ _` \ \ / / _` | | | '_ \| |/ /[32m \ \ \ \
[32m      \\/ [31m| | (_| |\ V / (_| | | | | | |   < [32m  ) ) ) )
[32m       '  [31m|_|\__,_| \_/ \__,_|_|_|_| |_|_|\_\[32m / / / /
[0m    =========================================[32m/_/_/_/[0m

	Version:        3.3.1
	Build:          997
	Build time:     25.03.2020 12:30:43 UTC
	Branch          master
	Commit:         29f68ba
	Commit time:    25.03.2020 12:28:48 UTC
	JVM:            11.0.7
	Lavaplayer      1.3.38

2020-07-01 04:00:15.952  INFO 8456 --- [main] lavalink.server.Launcher                 : Starting Launcher on DESKTOP-UR7TA2Q with PID 8456 (C:\Users\Jose\Desktop\Code\Discord Bot\timm\Lavalink.jar started by Jose in C:\Users\Jose\Desktop\Code\Discord Bot\timm)
2020-07-01 04:00:15.953  INFO 8456 --- [main] lavalink.server.Launcher                 : No active profile set, falling back to default profiles: default
2020-07-01 04:00:16.056  WARN 8456 --- [background-preinit] o.s.h.c.j.Jackson2ObjectMapperBuilder    : For Jackson Kotlin classes support please add "com.fasterxml.jackson.module:jackson-module-kotlin" to the classpath
2020-07-01 04:00:17.045  WARN 8456 --- [main] io.undertow.websockets.jsr               : UT026010: Buffer pool was not set on WebSocketDeploymentInfo, the default pool will be used
2020-07-01 04:00:17.067  INFO 8456 --- [main] io.undertow.servlet                      : Initializing Spring embedded WebApplicationContext
2020-07-01 04:00:17.068  INFO 8456 --- [main] o.s.web.context.ContextLoader            : Root WebApplicationContext: initialization completed in 1063 ms
2020-07-01 04:00:17.352  WARN 8456 --- [main] l.server.config.SentryConfiguration      : Turning off sentry
2020-07-01 04:00:17.361  INFO 8456 --- [main] l.s.c.AudioSendFactoryConfiguration      : OS: Windows 10, Arch: amd64
2020-07-01 04:00:17.364  INFO 8456 --- [main] l.s.c.AudioSendFactoryConfiguration      : JDA-NAS supported system detected. Enabled native audio sending.
2020-07-01 04:00:17.364  INFO 8456 --- [main] l.s.c.AudioSendFactoryConfiguration      : Setting buffer to 400ms
2020-07-01 04:00:17.364  INFO 8456 --- [main] l.s.c.AudioSendFactoryConfiguration      : Setting playlist load limit to 6
2020-07-01 04:00:17.581  INFO 8456 --- [main] c.s.d.l.tools.GarbageCollectionMonitor   : GC monitoring enabled, reporting results every 2 minutes.
2020-07-01 04:00:17.881  INFO 8456 --- [main] o.s.s.concurrent.ThreadPoolTaskExecutor  : Initializing ExecutorService 'applicationTaskExecutor'
2020-07-01 04:00:18.142  INFO 8456 --- [main] org.xnio                                 : XNIO version 3.3.8.Final
2020-07-01 04:00:18.150  INFO 8456 --- [main] org.xnio.nio                             : XNIO NIO Implementation Version 3.3.8.Final
2020-07-01 04:00:18.221  INFO 8456 --- [main] o.s.b.w.e.u.UndertowServletWebServer     : Undertow started on port(s) 2333 (http) with context path ''
2020-07-01 04:00:18.224  INFO 8456 --- [main] lavalink.server.Launcher                 : Started Launcher in 2.71 seconds (JVM running for 3.079)
2020-07-01 04:02:25.854  INFO 8456 --- [Thread-1] o.s.s.concurrent.ThreadPoolTaskExecutor  : Shutting down ExecutorService 'applicationTaskExecutor'
2020-07-01 04:02:25.855  INFO 8456 --- [Thread-1] c.s.d.l.tools.GarbageCollectionMonitor   : GC monitoring disabled.
